<?xml version="1.0" encoding="UTF-8"?>
<!-- Generated by org.testng.reporters.JUnitXMLReporter -->
<testsuite ignored="0" hostname="HomeDesktop2022" failures="0" tests="4" name="Test" time="2.742" errors="0" timestamp="30 Apr 2023 20:35:42 GMT">
  <testcase classname="com.testNGAnnotation.ParallalTesting" name="getOpenBrowserNode3" time="2.706"/>
  <testcase classname="com.testNGAnnotation.ParallalTesting" name="getOpenBrowserNode4" time="2.71"/>
  <testcase classname="com.testNGAnnotation.ParallalTesting" name="getOpenBrowserNode2" time="2.719"/>
  <testcase classname="com.testNGAnnotation.ParallalTesting" name="getOpenBrowserNode1" time="2.725"/>
</testsuite> <!-- Test -->
