-------------------------------------------------------------------------------
Test set: TestSuite
-------------------------------------------------------------------------------
Tests run: 1, Failures: 1, Errors: 0, Skipped: 0, Time elapsed: 1.104 s <<< FAILURE! - in TestSuite
luma.usa.myrunnertest.MyRunner.runScenario["user able to select the product, add to cart, add shipping information, place order, & verify the order confirmation number", "Optional[user able to purchase the product and verify the order confirmation]"](1)  Time elapsed: 0.123 s  <<< FAILURE!
io.cucumber.testng.UndefinedStepException: 
The step 'user able to login the application' and 9 other step(s) are undefined.
You can implement these steps using the snippet(s) below:

@Given("user able to login the application")
public void user_able_to_login_the_application() {
    // Write code here that turns the phrase above into concrete actions
    throw new io.cucumber.java.PendingException();
}
@When("user able to select Jackets from Men module")
public void user_able_to_select_jackets_from_men_module() {
    // Write code here that turns the phrase above into concrete actions
    throw new io.cucumber.java.PendingException();
}
@When("user able to select a Jacket product's size, color, quantity")
public void user_able_to_select_a_jacket_product_s_size_color_quantity() {
    // Write code here that turns the phrase above into concrete actions
    throw new io.cucumber.java.PendingException();
}
@When("user able to click add to cart button")
public void user_able_to_click_add_to_cart_button() {
    // Write code here that turns the phrase above into concrete actions
    throw new io.cucumber.java.PendingException();
}
@When("user able to click on the shopping cart pop-up")
public void user_able_to_click_on_the_shopping_cart_pop_up() {
    // Write code here that turns the phrase above into concrete actions
    throw new io.cucumber.java.PendingException();
}
@When("user able to click on the proceed to checkout")
public void user_able_to_click_on_the_proceed_to_checkout() {
    // Write code here that turns the phrase above into concrete actions
    throw new io.cucumber.java.PendingException();
}
@When("user able to add shipping information")
public void user_able_to_add_shipping_information() {
    // Write code here that turns the phrase above into concrete actions
    throw new io.cucumber.java.PendingException();
}
@When("user able to select shipping method radial button and click on next button")
public void user_able_to_select_shipping_method_radial_button_and_click_on_next_button() {
    // Write code here that turns the phrase above into concrete actions
    throw new io.cucumber.java.PendingException();
}
@When("user able to click on the place order button")
public void user_able_to_click_on_the_place_order_button() {
    // Write code here that turns the phrase above into concrete actions
    throw new io.cucumber.java.PendingException();
}
@Then("user able to verify the confirmation message {string}")
public void user_able_to_verify_the_confirmation_message(String string) {
    // Write code here that turns the phrase above into concrete actions
    throw new io.cucumber.java.PendingException();
}


