<?xml version="1.0" encoding="UTF-8"?>
<testsuite xmlns:xsi="http://www.w3.org/2001/XMLSchema-instance" xsi:noNamespaceSchemaLocation="https://maven.apache.org/surefire/maven-surefire-plugin/xsd/surefire-test-report-3.0.xsd" version="3.0" name="TestSuite" time="23.396" tests="1" errors="0" skipped="0" failures="0">
  <properties>
[...]
</properties>
  <testcase name="runScenario[&quot;user able to select the product, add to cart, add shipping information, place order, &amp; verify the order confirmation number&quot;, &quot;Optional[user able to purchase the product and verify the order confirmation]&quot;](1)" classname="luma.usa.myrunnertest.MyRunner" time="22.582">
    <system-out><![CDATA[[TestNGContentHandler] [WARN] It is strongly recommended to add "<!DOCTYPE suite SYSTEM "http://testng.org/testng-1.0.dtd" >" at the top of your file, otherwise TestNG may fail or not work as expected.

Scenario: user able to select the product, add to cart, add shipping information, place order, & verify the order confirmation number &amp#27;[90m# Feature/FunctionalTest.feature:6&amp#27;[0m
===Automation Start===
 INFO [main] (WebDriverManager.java:966)- Using chromedriver 111.0.5563.64 (resolved driver for Chrome 111)
 INFO [main] (WebDriverManager.java:1021)- Exporting webdriver.chrome.driver as C:\Users\tanvi\.cache\selenium\chromedriver\win32\111.0.5563.64\chromedriver.exe
  &amp#27;[32mGiven &amp#27;[0m&amp#27;[32muser able to login the application&amp#27;[0m                                                                                            &amp#27;[90m# luma.usa.Stepdefination.FunctionalStepDef.user_able_to_login_the_application()&amp#27;[0m
 INFO [main] (FunctionalStepDef.java:35)- >>>>> User able to select Men module <<<<< 
 INFO [main] (FunctionalStepDef.java:39)- >>>>> User able to select Tops module <<<<< 
 INFO [main] (FunctionalStepDef.java:43)- >>>>> user able to select Jackets from Men module <<<<< 
  &amp#27;[32mWhen &amp#27;[0m&amp#27;[32muser able to select Jackets from Men module&amp#27;[0m                                                                                    &amp#27;[90m# luma.usa.Stepdefination.FunctionalStepDef.user_able_to_select_jackets_from_men_module()&amp#27;[0m
 INFO [main] (FunctionalStepDef.java:52)- >>>>> user able to select a Jacket<<<<< 
 INFO [main] (FunctionalStepDef.java:55)- >>>>> user able to select a Jacket size <<<<< 
 INFO [main] (FunctionalStepDef.java:59)- >>>>> user able to select a Jacket Color <<<<< 
 INFO [main] (FunctionalStepDef.java:63)- >>>>> user able to select a Jacket Quantity <<<<< 
  &amp#27;[32mAnd &amp#27;[0m&amp#27;[32muser able to select a Jacket product's size, color, quantity&amp#27;[0m                                                                    &amp#27;[90m# luma.usa.Stepdefination.FunctionalStepDef.user_able_to_select_a_jacket_product_s_size_color_quantity()&amp#27;[0m
 INFO [main] (FunctionalStepDef.java:73)- >>>>> user able to click add to cart button <<<<< 
  &amp#27;[32mAnd &amp#27;[0m&amp#27;[32muser able to click add to cart button&amp#27;[0m                                                                                           &amp#27;[90m# luma.usa.Stepdefination.FunctionalStepDef.user_able_to_click_add_to_cart_button()&amp#27;[0m
 INFO [main] (FunctionalStepDef.java:81)- >>>>> user able to click on the shopping cart pop-up<<<<< 
  &amp#27;[32mAnd &amp#27;[0m&amp#27;[32muser able to click on the shopping cart pop-up&amp#27;[0m                                                                                  &amp#27;[90m# luma.usa.Stepdefination.FunctionalStepDef.user_able_to_click_on_the_shopping_cart_pop_up()&amp#27;[0m
 INFO [main] (FunctionalStepDef.java:90)- >>>>> user able to click on the proceed to checkout<<<<< 
  &amp#27;[32mAnd &amp#27;[0m&amp#27;[32muser able to click on the proceed to checkout&amp#27;[0m                                                                                   &amp#27;[90m# luma.usa.Stepdefination.FunctionalStepDef.user_able_to_click_on_the_proceed_to_checkout()&amp#27;[0m
 INFO [main] (FunctionalStepDef.java:98)- >>>>> user able to add shipping information <<<<< 
  &amp#27;[32mAnd &amp#27;[0m&amp#27;[32muser able to add shipping information&amp#27;[0m                                                                                           &amp#27;[90m# luma.usa.Stepdefination.FunctionalStepDef.user_able_to_add_shipping_information()&amp#27;[0m
 INFO [main] (FunctionalStepDef.java:109)- >>>>> user able to select shipping method radial button and click on next button <<<<< 
  &amp#27;[32mAnd &amp#27;[0m&amp#27;[32muser able to select shipping method radial button and click on next button&amp#27;[0m                                                      &amp#27;[90m# luma.usa.Stepdefination.FunctionalStepDef.user_able_to_select_shipping_method_radial_button_and_click_on_next_button()&amp#27;[0m
 INFO [main] (FunctionalStepDef.java:124)- >>>>> user able to click on the place order button <<<<< 
  &amp#27;[32mAnd &amp#27;[0m&amp#27;[32muser able to click on the place order button&amp#27;[0m                                                                                    &amp#27;[90m# luma.usa.Stepdefination.FunctionalStepDef.user_able_to_click_on_the_place_order_button()&amp#27;[0m
 INFO [main] (FunctionalStepDef.java:132)- >>>>> user able to verify the confirmation message <<<<< 
Orders Confirmation::Thank you for your purchase!
  &amp#27;[32mThen &amp#27;[0m&amp#27;[32muser able to verify the confirmation message &amp#27;[0m&amp#27;[32m&amp#27;[1m"Thank you for your purchase!"&amp#27;[0m                                                    &amp#27;[90m# luma.usa.Stepdefination.FunctionalStepDef.user_able_to_verify_the_confirmation_message(java.lang.String)&amp#27;[0m
===Automation Completed & Close the Browser ===
]]></system-out>
    <system-err><![CDATA[Starting ChromeDriver 111.0.5563.64 (c710e93d5b63b7095afe8c2c17df34408078439d-refs/branch-heads/5563@{#995}) on port 5436
Only local connections are allowed.
Please see https://chromedriver.chromium.org/security-considerations for suggestions on keeping ChromeDriver safe.
ChromeDriver was started successfully.
Apr 25, 2023 7:12:46 PM org.openqa.selenium.remote.ProtocolHandshake createSession
INFO: Detected dialect: W3C
]]></system-err>
  </testcase>
</testsuite>