<?xml version="1.0" encoding="UTF-8"?>
<testng-results ignored="0" total="1" passed="1" failed="0" skipped="0">
  <reporter-output>
  </reporter-output>
  <suite started-at="2023-04-25T23:12:45Z" name="Suite1" finished-at="2023-04-25T23:13:08Z" duration-ms="22852">
    <groups>
      <group name="cucumber">
        <method signature="AbstractTestNGCucumberTests.runScenario(io.cucumber.testng.PickleWrapper, io.cucumber.testng.FeatureWrapper)[pri:0, instance:luma.usa.myrunnertest.MyRunner@7582ff54]" name="runScenario" class="io.cucumber.testng.AbstractTestNGCucumberTests"/>
      </group> <!-- cucumber -->
    </groups>
    <test started-at="2023-04-25T23:12:45Z" name="functionalTest" finished-at="2023-04-25T23:13:08Z" duration-ms="22852">
      <class name="luma.usa.myrunnertest.MyRunner">
        <test-method is-config="true" signature="setUpClass()[pri:0, instance:luma.usa.myrunnertest.MyRunner@7582ff54]" started-at="2023-04-25T23:12:45Z" name="setUpClass" finished-at="2023-04-25T23:12:45Z" duration-ms="224" status="PASS">
          <reporter-output>
          </reporter-output>
        </test-method> <!-- setUpClass -->
        <test-method signature="runScenario(io.cucumber.testng.PickleWrapper, io.cucumber.testng.FeatureWrapper)[pri:0, instance:luma.usa.myrunnertest.MyRunner@7582ff54]" started-at="2023-04-25T23:12:45Z" name="runScenario" description="Runs Cucumber Scenarios" data-provider="scenarios" finished-at="2023-04-25T23:13:08Z" duration-ms="22570" status="PASS">
          <params>
            <param index="0">
              <value>
                <![CDATA["user able to select the product, add to cart, add shipping information, place order, & verify the order confirmation number"]]>
              </value>
            </param>
            <param index="1">
              <value>
                <![CDATA["Optional[user able to purchase the product and verify the order confirmation]"]]>
              </value>
            </param>
          </params>
          <reporter-output>
          </reporter-output>
        </test-method> <!-- runScenario -->
        <test-method is-config="true" signature="tearDownClass()[pri:0, instance:luma.usa.myrunnertest.MyRunner@7582ff54]" started-at="2023-04-25T23:13:08Z" name="tearDownClass" finished-at="2023-04-25T23:13:08Z" duration-ms="47" status="PASS">
          <reporter-output>
          </reporter-output>
        </test-method> <!-- tearDownClass -->
      </class> <!-- luma.usa.myrunnertest.MyRunner -->
    </test> <!-- functionalTest -->
  </suite> <!-- Suite1 -->
</testng-results>
