-------------------------------------------------------------------------------
Test set: TestSuite
-------------------------------------------------------------------------------
Tests run: 1, Failures: 1, Errors: 0, Skipped: 0, Time elapsed: 1.197 s <<< FAILURE! - in TestSuite
luma.usa.myrunnertest.MyRunner.setUpClass  Time elapsed: 1.13 s  <<< FAILURE!
io.cucumber.core.gherkin.FeatureParserException: 
Failed to parse resource at: file:///C:/Users/tanvi/SDET_QA/HybridAutomationFramework/./Feature/Login.feature
(6:2): expected: #EOF, #Comment, #BackgroundLine, #TagLine, #ScenarioLine, #RuleLine, #Empty, got 'Description: As a users can login the application with valid credential'

